# JRE version: Java(TM) SE Runtime Environment (9.0+11) (build 9.0.4+11)
# Java VM: Java HotSpot(TM) 64-Bit Server VM (9.0.4+11, mixed mode, tiered, compressed oops, g1 gc, windows-amd64)
Heap:
 garbage-first heap   total 278528K, used 128380K [0x0000000700000000, 0x0000000700100880, 0x00000007c0000000)
  region size 1024K, 36 young (36864K), 0 survivors (0K)
 Metaspace       used 88662K, capacity 94989K, committed 95324K, reserved 1130496K
  class space    used 12700K, capacity 13800K, committed 13916K, reserved 1048576K
GC Heap History (10 events):
Event: 367.347 GC heap before
{Heap before GC invocations=142 (full 27):
 garbage-first heap   total 278528K, used 157423K [0x0000000700000000, 0x0000000700100880, 0x00000007c0000000)
  region size 1024K, 60 young (61440K), 2 survivors (2048K)
 Metaspace       used 88609K, capacity 94925K, committed 95068K, reserved 1130496K
  class space    used 12700K, capacity 13800K, committed 13916K, reserved 1048576K
}
Event: 367.350 GC heap after
{Heap after GC invocations=143 (full 27):
 garbage-first heap   total 278528K, used 98068K [0x0000000700000000, 0x0000000700100880, 0x00000007c0000000)
  region size 1024K, 2 young (2048K), 2 survivors (2048K)
 Metaspace       used 88609K, capacity 94925K, committed 95068K, reserved 1130496K
  class space    used 12700K, capacity 13800K, committed 13916K, reserved 1048576K
}
Event: 369.525 GC heap before
{Heap before GC invocations=143 (full 27):
 garbage-first heap   total 278528K, used 157460K [0x0000000700000000, 0x0000000700100880, 0x00000007c0000000)
  region size 1024K, 60 young (61440K), 2 survivors (2048K)
 Metaspace       used 88623K, capacity 94925K, committed 95068K, reserved 1130496K
  class space    used 12700K, capacity 13800K, committed 13916K, reserved 1048576K
}
Event: 369.528 GC heap after
{Heap after GC invocations=144 (full 27):
 garbage-first heap   total 278528K, used 98224K [0x0000000700000000, 0x0000000700100880, 0x00000007c0000000)
  region size 1024K, 2 young (2048K), 2 survivors (2048K)
 Metaspace       used 88623K, capacity 94925K, committed 95068K, reserved 1130496K
  class space    used 12700K, capacity 13800K, committed 13916K, reserved 1048576K
}
Event: 371.008 GC heap before
{Heap before GC invocations=144 (full 27):
 garbage-first heap   total 278528K, used 157616K [0x0000000700000000, 0x0000000700100880, 0x00000007c0000000)
  region size 1024K, 60 young (61440K), 2 survivors (2048K)
 Metaspace       used 88624K, capacity 94925K, committed 95068K, reserved 1130496K
  class space    used 12700K, capacity 13800K, committed 13916K, reserved 1048576K
}
Event: 371.010 GC heap after
{Heap after GC invocations=145 (full 27):
 garbage-first heap   total 278528K, used 98171K [0x0000000700000000, 0x0000000700100880, 0x00000007c0000000)
  region size 1024K, 2 young (2048K), 2 survivors (2048K)
 Metaspace       used 88624K, capacity 94925K, committed 95068K, reserved 1130496K
  class space    used 12700K, capacity 13800K, committed 13916K, reserved 1048576K
}
Event: 372.433 GC heap before
{Heap before GC invocations=145 (full 27):
 garbage-first heap   total 278528K, used 157563K [0x0000000700000000, 0x0000000700100880, 0x00000007c0000000)
  region size 1024K, 60 young (61440K), 2 survivors (2048K)
 Metaspace       used 88634K, capacity 94925K, committed 95068K, reserved 1130496K
  class space    used 12700K, capacity 13800K, committed 13916K, reserved 1048576K
}
Event: 372.436 GC heap after
{Heap after GC invocations=146 (full 27):
 garbage-first heap   total 278528K, used 98283K [0x0000000700000000, 0x0000000700100880, 0x00000007c0000000)
  region size 1024K, 2 young (2048K), 2 survivors (2048K)
 Metaspace       used 88634K, capacity 94925K, committed 95068K, reserved 1130496K
  class space    used 12700K, capacity 13800K, committed 13916K, reserved 1048576K
}
Event: 372.508 GC heap before
{Heap before GC invocations=146 (full 27):
 garbage-first heap   total 278528K, used 106475K [0x0000000700000000, 0x0000000700100880, 0x00000007c0000000)
  region size 1024K, 11 young (11264K), 2 survivors (2048K)
 Metaspace       used 88636K, capacity 94925K, committed 95068K, reserved 1130496K
  class space    used 12700K, capacity 13800K, committed 13916K, reserved 1048576K
}
Event: 372.698 GC heap after
{Heap after GC invocations=147 (full 28):
 garbage-first heap   total 278528K, used 92540K [0x0000000700000000, 0x0000000700100880, 0x00000007c0000000)
  region size 1024K, 0 young (0K), 0 survivors (0K)
 Metaspace       used 88636K, capacity 94925K, committed 95068K, reserved 1130496K
  class space    used 12700K, capacity 13800K, committed 13916K, reserved 1048576K
}

