# JRE version: Java(TM) SE Runtime Environment (9.0+11) (build 9.0.4+11)
# Java VM: Java HotSpot(TM) 64-Bit Server VM (9.0.4+11, mixed mode, tiered, compressed oops, g1 gc, windows-amd64)
Heap:
 garbage-first heap   total 221184K, used 131823K [0x0000000700000000, 0x00000007001006c0, 0x00000007c0000000)
  region size 1024K, 25 young (25600K), 1 survivors (1024K)
 Metaspace       used 105195K, capacity 112841K, committed 113104K, reserved 1144832K
  class space    used 15582K, capacity 16884K, committed 16892K, reserved 1048576K
GC Heap History (10 events):
Event: 2571.880 GC heap before
{Heap before GC invocations=610 (full 66):
 garbage-first heap   total 221184K, used 168756K [0x0000000700000000, 0x00000007001006c0, 0x00000007c0000000)
  region size 1024K, 60 young (61440K), 1 survivors (1024K)
 Metaspace       used 105165K, capacity 112777K, committed 112848K, reserved 1144832K
  class space    used 15582K, capacity 16884K, committed 16892K, reserved 1048576K
}
Event: 2571.882 GC heap after
{Heap after GC invocations=611 (full 66):
 garbage-first heap   total 221184K, used 108295K [0x0000000700000000, 0x00000007001006c0, 0x00000007c0000000)
  region size 1024K, 1 young (1024K), 1 survivors (1024K)
 Metaspace       used 105165K, capacity 112777K, committed 112848K, reserved 1144832K
  class space    used 15582K, capacity 16884K, committed 16892K, reserved 1048576K
}
Event: 2575.293 GC heap before
{Heap before GC invocations=611 (full 66):
 garbage-first heap   total 221184K, used 168711K [0x0000000700000000, 0x00000007001006c0, 0x00000007c0000000)
  region size 1024K, 60 young (61440K), 1 survivors (1024K)
 Metaspace       used 105168K, capacity 112777K, committed 112848K, reserved 1144832K
  class space    used 15582K, capacity 16884K, committed 16892K, reserved 1048576K
}
Event: 2575.296 GC heap after
{Heap after GC invocations=612 (full 66):
 garbage-first heap   total 221184K, used 108262K [0x0000000700000000, 0x00000007001006c0, 0x00000007c0000000)
  region size 1024K, 1 young (1024K), 1 survivors (1024K)
 Metaspace       used 105168K, capacity 112777K, committed 112848K, reserved 1144832K
  class space    used 15582K, capacity 16884K, committed 16892K, reserved 1048576K
}
Event: 2587.784 GC heap before
{Heap before GC invocations=612 (full 66):
 garbage-first heap   total 221184K, used 168678K [0x0000000700000000, 0x00000007001006c0, 0x00000007c0000000)
  region size 1024K, 60 young (61440K), 1 survivors (1024K)
 Metaspace       used 105175K, capacity 112777K, committed 112848K, reserved 1144832K
  class space    used 15582K, capacity 16884K, committed 16892K, reserved 1048576K
}
Event: 2587.787 GC heap after
{Heap after GC invocations=613 (full 66):
 garbage-first heap   total 221184K, used 109334K [0x0000000700000000, 0x00000007001006c0, 0x00000007c0000000)
  region size 1024K, 2 young (2048K), 2 survivors (2048K)
 Metaspace       used 105175K, capacity 112777K, committed 112848K, reserved 1144832K
  class space    used 15582K, capacity 16884K, committed 16892K, reserved 1048576K
}
Event: 2587.941 GC heap before
{Heap before GC invocations=613 (full 66):
 garbage-first heap   total 221184K, used 168726K [0x0000000700000000, 0x00000007001006c0, 0x00000007c0000000)
  region size 1024K, 60 young (61440K), 2 survivors (2048K)
 Metaspace       used 105195K, capacity 112841K, committed 113104K, reserved 1144832K
  class space    used 15582K, capacity 16884K, committed 16892K, reserved 1048576K
}
Event: 2587.943 GC heap after
{Heap after GC invocations=614 (full 66):
 garbage-first heap   total 221184K, used 108380K [0x0000000700000000, 0x00000007001006c0, 0x00000007c0000000)
  region size 1024K, 1 young (1024K), 1 survivors (1024K)
 Metaspace       used 105195K, capacity 112841K, committed 113104K, reserved 1144832K
  class space    used 15582K, capacity 16884K, committed 16892K, reserved 1048576K
}
Event: 2594.787 GC heap before
{Heap before GC invocations=614 (full 66):
 garbage-first heap   total 221184K, used 168796K [0x0000000700000000, 0x00000007001006c0, 0x00000007c0000000)
  region size 1024K, 60 young (61440K), 1 survivors (1024K)
 Metaspace       used 105195K, capacity 112841K, committed 113104K, reserved 1144832K
  class space    used 15582K, capacity 16884K, committed 16892K, reserved 1048576K
}
Event: 2594.790 GC heap after
{Heap after GC invocations=615 (full 66):
 garbage-first heap   total 221184K, used 108271K [0x0000000700000000, 0x00000007001006c0, 0x00000007c0000000)
  region size 1024K, 1 young (1024K), 1 survivors (1024K)
 Metaspace       used 105195K, capacity 112841K, committed 113104K, reserved 1144832K
  class space    used 15582K, capacity 16884K, committed 16892K, reserved 1048576K
}

