# JRE version: Java(TM) SE Runtime Environment (9.0+11) (build 9.0.4+11)
# Java VM: Java HotSpot(TM) 64-Bit Server VM (9.0.4+11, mixed mode, tiered, compressed oops, g1 gc, windows-amd64)
Heap:
 garbage-first heap   total 369664K, used 158015K [0x0000000700000000, 0x0000000700100b48, 0x00000007c0000000)
  region size 1024K, 27 young (27648K), 2 survivors (2048K)
 Metaspace       used 95032K, capacity 101653K, committed 102016K, reserved 1136640K
  class space    used 13493K, capacity 14632K, committed 14720K, reserved 1048576K
GC Heap History (10 events):
Event: 4220.333 GC heap before
{Heap before GC invocations=825 (full 7):
 garbage-first heap   total 369664K, used 184420K [0x0000000700000000, 0x0000000700100b48, 0x00000007c0000000)
  region size 1024K, 60 young (61440K), 2 survivors (2048K)
 Metaspace       used 95007K, capacity 101653K, committed 102016K, reserved 1136640K
  class space    used 13493K, capacity 14632K, committed 14720K, reserved 1048576K
}
Event: 4220.336 GC heap after
{Heap after GC invocations=826 (full 7):
 garbage-first heap   total 369664K, used 124127K [0x0000000700000000, 0x0000000700100b48, 0x00000007c0000000)
  region size 1024K, 1 young (1024K), 1 survivors (1024K)
 Metaspace       used 95007K, capacity 101653K, committed 102016K, reserved 1136640K
  class space    used 13493K, capacity 14632K, committed 14720K, reserved 1048576K
}
Event: 4220.458 GC heap before
{Heap before GC invocations=826 (full 7):
 garbage-first heap   total 369664K, used 184543K [0x0000000700000000, 0x0000000700100b48, 0x00000007c0000000)
  region size 1024K, 60 young (61440K), 1 survivors (1024K)
 Metaspace       used 95007K, capacity 101653K, committed 102016K, reserved 1136640K
  class space    used 13493K, capacity 14632K, committed 14720K, reserved 1048576K
}
Event: 4220.460 GC heap after
{Heap after GC invocations=827 (full 7):
 garbage-first heap   total 369664K, used 124092K [0x0000000700000000, 0x0000000700100b48, 0x00000007c0000000)
  region size 1024K, 1 young (1024K), 1 survivors (1024K)
 Metaspace       used 95007K, capacity 101653K, committed 102016K, reserved 1136640K
  class space    used 13493K, capacity 14632K, committed 14720K, reserved 1048576K
}
Event: 4220.740 GC heap before
{Heap before GC invocations=827 (full 7):
 garbage-first heap   total 369664K, used 184508K [0x0000000700000000, 0x0000000700100b48, 0x00000007c0000000)
  region size 1024K, 60 young (61440K), 1 survivors (1024K)
 Metaspace       used 95007K, capacity 101653K, committed 102016K, reserved 1136640K
  class space    used 13493K, capacity 14632K, committed 14720K, reserved 1048576K
}
Event: 4220.742 GC heap after
{Heap after GC invocations=828 (full 7):
 garbage-first heap   total 369664K, used 124100K [0x0000000700000000, 0x0000000700100b48, 0x00000007c0000000)
  region size 1024K, 1 young (1024K), 1 survivors (1024K)
 Metaspace       used 95007K, capacity 101653K, committed 102016K, reserved 1136640K
  class space    used 13493K, capacity 14632K, committed 14720K, reserved 1048576K
}
Event: 4222.551 GC heap before
{Heap before GC invocations=828 (full 7):
 garbage-first heap   total 369664K, used 192708K [0x0000000700000000, 0x0000000700100b48, 0x00000007c0000000)
  region size 1024K, 60 young (61440K), 1 survivors (1024K)
 Metaspace       used 95023K, capacity 101653K, committed 102016K, reserved 1136640K
  class space    used 13493K, capacity 14632K, committed 14720K, reserved 1048576K
}
Event: 4222.555 GC heap after
{Heap after GC invocations=829 (full 7):
 garbage-first heap   total 369664K, used 132838K [0x0000000700000000, 0x0000000700100b48, 0x00000007c0000000)
  region size 1024K, 2 young (2048K), 2 survivors (2048K)
 Metaspace       used 95023K, capacity 101653K, committed 102016K, reserved 1136640K
  class space    used 13493K, capacity 14632K, committed 14720K, reserved 1048576K
}
Event: 4234.264 GC heap before
{Heap before GC invocations=829 (full 7):
 garbage-first heap   total 369664K, used 192230K [0x0000000700000000, 0x0000000700100b48, 0x00000007c0000000)
  region size 1024K, 60 young (61440K), 2 survivors (2048K)
 Metaspace       used 95027K, capacity 101653K, committed 102016K, reserved 1136640K
  class space    used 13493K, capacity 14632K, committed 14720K, reserved 1048576K
}
Event: 4234.268 GC heap after
{Heap after GC invocations=830 (full 7):
 garbage-first heap   total 369664K, used 133439K [0x0000000700000000, 0x0000000700100b48, 0x00000007c0000000)
  region size 1024K, 2 young (2048K), 2 survivors (2048K)
 Metaspace       used 95027K, capacity 101653K, committed 102016K, reserved 1136640K
  class space    used 13493K, capacity 14632K, committed 14720K, reserved 1048576K
}

